<?xml version="1.0" encoding="UTF-8"?>
<testng-results skipped="1" failed="3" total="9" passed="5">
  <reporter-output>
  </reporter-output>
  <suite name="SuiteName" duration-ms="105945" started-at="2017-03-05T13:29:25Z" finished-at="2017-03-05T13:31:11Z">
    <groups>
    </groups>
    <test name="DemoScreenerTest" duration-ms="105945" started-at="2017-03-05T13:29:25Z" finished-at="2017-03-05T13:31:11Z">
      <class name="com.core.ddf.Indee.testcases.DemoScreener">
        <test-method status="PASS" signature="init()[pri:0, instance:com.core.ddf.Indee.testcases.DemoScreener@145eaa29]" name="init" is-config="true" duration-ms="7" started-at="2017-03-05T18:59:26Z" finished-at="2017-03-05T18:59:26Z">
          <reporter-output>
          </reporter-output>
        </test-method> <!-- init -->
        <test-method status="PASS" signature="DemoScreenerTest(java.util.Hashtable)[pri:0, instance:com.core.ddf.Indee.testcases.DemoScreener@145eaa29]" name="DemoScreenerTest" duration-ms="12823" started-at="2017-03-05T18:59:26Z" data-provider="getData" finished-at="2017-03-05T18:59:39Z">
          <params>
            <param index="0">
              <value>
                <![CDATA[{Feature=, maxViews=1, email=ank@gmail.com, Trailer=, perishesIn=6 hrs, Runmode=y, Browser=Mozilla, username=ankur}]]>
              </value>
            </param>
          </params>
          <reporter-output>
          </reporter-output>
        </test-method> <!-- DemoScreenerTest -->
        <test-method status="PASS" signature="quit()[pri:0, instance:com.core.ddf.Indee.testcases.DemoScreener@145eaa29]" name="quit" is-config="true" duration-ms="899" started-at="2017-03-05T18:59:39Z" finished-at="2017-03-05T18:59:40Z">
          <reporter-output>
          </reporter-output>
        </test-method> <!-- quit -->
        <test-method status="PASS" signature="init()[pri:0, instance:com.core.ddf.Indee.testcases.DemoScreener@145eaa29]" name="init" is-config="true" duration-ms="1" started-at="2017-03-05T18:59:40Z" finished-at="2017-03-05T18:59:40Z">
          <reporter-output>
          </reporter-output>
        </test-method> <!-- init -->
        <test-method status="PASS" signature="DemoScreenerTest(java.util.Hashtable)[pri:0, instance:com.core.ddf.Indee.testcases.DemoScreener@145eaa29]" name="DemoScreenerTest" duration-ms="11787" started-at="2017-03-05T18:59:40Z" data-provider="getData" finished-at="2017-03-05T18:59:51Z">
          <params>
            <param index="0">
              <value>
                <![CDATA[{Feature=checked, maxViews=1, email=ank@gmail.com, Trailer=checked, perishesIn=6 hrs, Runmode=y, Browser=Mozilla, username=}]]>
              </value>
            </param>
          </params>
          <reporter-output>
          </reporter-output>
        </test-method> <!-- DemoScreenerTest -->
        <test-method status="PASS" signature="quit()[pri:0, instance:com.core.ddf.Indee.testcases.DemoScreener@145eaa29]" name="quit" is-config="true" duration-ms="630" started-at="2017-03-05T18:59:51Z" finished-at="2017-03-05T18:59:52Z">
          <reporter-output>
          </reporter-output>
        </test-method> <!-- quit -->
        <test-method status="PASS" signature="DemoScreenerTest(java.util.Hashtable)[pri:0, instance:com.core.ddf.Indee.testcases.DemoScreener@145eaa29]" name="DemoScreenerTest" duration-ms="11029" started-at="2017-03-05T18:59:52Z" data-provider="getData" finished-at="2017-03-05T19:00:03Z">
          <params>
            <param index="0">
              <value>
                <![CDATA[{Feature=checked, maxViews=1, email=ank@gmail.com, Trailer=checked, perishesIn=6 hrs, Runmode=y, Browser=Mozilla, username=amit}]]>
              </value>
            </param>
          </params>
          <reporter-output>
          </reporter-output>
        </test-method> <!-- DemoScreenerTest -->
        <test-method status="PASS" signature="init()[pri:0, instance:com.core.ddf.Indee.testcases.DemoScreener@145eaa29]" name="init" is-config="true" duration-ms="0" started-at="2017-03-05T18:59:52Z" finished-at="2017-03-05T18:59:52Z">
          <reporter-output>
          </reporter-output>
        </test-method> <!-- init -->
        <test-method status="PASS" signature="quit()[pri:0, instance:com.core.ddf.Indee.testcases.DemoScreener@145eaa29]" name="quit" is-config="true" duration-ms="494" started-at="2017-03-05T19:00:03Z" finished-at="2017-03-05T19:00:03Z">
          <reporter-output>
          </reporter-output>
        </test-method> <!-- quit -->
        <test-method status="PASS" signature="init()[pri:0, instance:com.core.ddf.Indee.testcases.DemoScreener@145eaa29]" name="init" is-config="true" duration-ms="1" started-at="2017-03-05T19:00:03Z" finished-at="2017-03-05T19:00:03Z">
          <reporter-output>
          </reporter-output>
        </test-method> <!-- init -->
        <test-method status="FAIL" signature="DemoScreenerTest(java.util.Hashtable)[pri:0, instance:com.core.ddf.Indee.testcases.DemoScreener@145eaa29]" name="DemoScreenerTest" duration-ms="8551" started-at="2017-03-05T19:00:03Z" data-provider="getData" finished-at="2017-03-05T19:00:12Z">
          <params>
            <param index="0">
              <value>
                <![CDATA[{Feature=checked, maxViews=2, email=ank@gmail.com, Trailer=checked, perishesIn=6 hrs, Runmode=y, Browser=Mozilla, username=amit}]]>
              </value>
            </param>
          </params>
          <exception class="java.lang.AssertionError">
            <message>
              <![CDATA[views count does not exist]]>
            </message>
            <full-stacktrace>
              <![CDATA[java.lang.AssertionError: views count does not exist
	at org.testng.Assert.fail(Assert.java:94)
	at com.core.ddf.Indee.base.BaseTest.reportFailure(BaseTest.java:168)
	at com.core.ddf.Indee.base.BaseTest.demoScreener(BaseTest.java:233)
	at com.core.ddf.Indee.testcases.DemoScreener.DemoScreenerTest(DemoScreener.java:37)
	at sun.reflect.NativeMethodAccessorImpl.invoke0(Native Method)
	at sun.reflect.NativeMethodAccessorImpl.invoke(NativeMethodAccessorImpl.java:62)
	at sun.reflect.DelegatingMethodAccessorImpl.invoke(DelegatingMethodAccessorImpl.java:43)
	at java.lang.reflect.Method.invoke(Method.java:498)
	at org.testng.internal.MethodInvocationHelper.invokeMethod(MethodInvocationHelper.java:85)
	at org.testng.internal.Invoker.invokeMethod(Invoker.java:639)
	at org.testng.internal.Invoker.invokeTestMethod(Invoker.java:821)
	at org.testng.internal.Invoker.invokeTestMethods(Invoker.java:1131)
	at org.testng.internal.TestMethodWorker.invokeTestMethods(TestMethodWorker.java:124)
	at org.testng.internal.TestMethodWorker.run(TestMethodWorker.java:108)
	at org.testng.TestRunner.privateRun(TestRunner.java:773)
	at org.testng.TestRunner.run(TestRunner.java:623)
	at org.testng.SuiteRunner.runTest(SuiteRunner.java:357)
	at org.testng.SuiteRunner.runSequentially(SuiteRunner.java:352)
	at org.testng.SuiteRunner.privateRun(SuiteRunner.java:310)
	at org.testng.SuiteRunner.run(SuiteRunner.java:259)
	at org.testng.SuiteRunnerWorker.runSuite(SuiteRunnerWorker.java:52)
	at org.testng.SuiteRunnerWorker.run(SuiteRunnerWorker.java:86)
	at org.testng.TestNG.runSuitesSequentially(TestNG.java:1185)
	at org.testng.TestNG.runSuitesLocally(TestNG.java:1110)
	at org.testng.TestNG.run(TestNG.java:1018)
	at org.testng.remote.AbstractRemoteTestNG.run(AbstractRemoteTestNG.java:132)
	at org.testng.remote.RemoteTestNG.initAndRun(RemoteTestNG.java:236)
	at org.testng.remote.RemoteTestNG.main(RemoteTestNG.java:81)
]]>
            </full-stacktrace>
          </exception> <!-- java.lang.AssertionError -->
          <reporter-output>
          </reporter-output>
        </test-method> <!-- DemoScreenerTest -->
        <test-method status="PASS" signature="quit()[pri:0, instance:com.core.ddf.Indee.testcases.DemoScreener@145eaa29]" name="quit" is-config="true" duration-ms="430" started-at="2017-03-05T19:00:12Z" finished-at="2017-03-05T19:00:12Z">
          <reporter-output>
          </reporter-output>
        </test-method> <!-- quit -->
        <test-method status="PASS" signature="init()[pri:0, instance:com.core.ddf.Indee.testcases.DemoScreener@145eaa29]" name="init" is-config="true" duration-ms="1" started-at="2017-03-05T19:00:12Z" finished-at="2017-03-05T19:00:12Z">
          <reporter-output>
          </reporter-output>
        </test-method> <!-- init -->
        <test-method status="FAIL" signature="DemoScreenerTest(java.util.Hashtable)[pri:0, instance:com.core.ddf.Indee.testcases.DemoScreener@145eaa29]" name="DemoScreenerTest" duration-ms="11061" started-at="2017-03-05T19:00:12Z" data-provider="getData" finished-at="2017-03-05T19:00:24Z">
          <params>
            <param index="0">
              <value>
                <![CDATA[{Feature=checked, maxViews=3, email=, Trailer=checked, perishesIn=6.0, Runmode=y, Browser=Mozilla, username=}]]>
              </value>
            </param>
          </params>
          <exception class="java.lang.AssertionError">
            <message>
              <![CDATA[PerishesIn does not exist]]>
            </message>
            <full-stacktrace>
              <![CDATA[java.lang.AssertionError: PerishesIn does not exist
	at org.testng.Assert.fail(Assert.java:94)
	at com.core.ddf.Indee.base.BaseTest.reportFailure(BaseTest.java:168)
	at com.core.ddf.Indee.base.BaseTest.demoScreener(BaseTest.java:248)
	at com.core.ddf.Indee.testcases.DemoScreener.DemoScreenerTest(DemoScreener.java:37)
	at sun.reflect.NativeMethodAccessorImpl.invoke0(Native Method)
	at sun.reflect.NativeMethodAccessorImpl.invoke(NativeMethodAccessorImpl.java:62)
	at sun.reflect.DelegatingMethodAccessorImpl.invoke(DelegatingMethodAccessorImpl.java:43)
	at java.lang.reflect.Method.invoke(Method.java:498)
	at org.testng.internal.MethodInvocationHelper.invokeMethod(MethodInvocationHelper.java:85)
	at org.testng.internal.Invoker.invokeMethod(Invoker.java:639)
	at org.testng.internal.Invoker.invokeTestMethod(Invoker.java:821)
	at org.testng.internal.Invoker.invokeTestMethods(Invoker.java:1131)
	at org.testng.internal.TestMethodWorker.invokeTestMethods(TestMethodWorker.java:124)
	at org.testng.internal.TestMethodWorker.run(TestMethodWorker.java:108)
	at org.testng.TestRunner.privateRun(TestRunner.java:773)
	at org.testng.TestRunner.run(TestRunner.java:623)
	at org.testng.SuiteRunner.runTest(SuiteRunner.java:357)
	at org.testng.SuiteRunner.runSequentially(SuiteRunner.java:352)
	at org.testng.SuiteRunner.privateRun(SuiteRunner.java:310)
	at org.testng.SuiteRunner.run(SuiteRunner.java:259)
	at org.testng.SuiteRunnerWorker.runSuite(SuiteRunnerWorker.java:52)
	at org.testng.SuiteRunnerWorker.run(SuiteRunnerWorker.java:86)
	at org.testng.TestNG.runSuitesSequentially(TestNG.java:1185)
	at org.testng.TestNG.runSuitesLocally(TestNG.java:1110)
	at org.testng.TestNG.run(TestNG.java:1018)
	at org.testng.remote.AbstractRemoteTestNG.run(AbstractRemoteTestNG.java:132)
	at org.testng.remote.RemoteTestNG.initAndRun(RemoteTestNG.java:236)
	at org.testng.remote.RemoteTestNG.main(RemoteTestNG.java:81)
]]>
            </full-stacktrace>
          </exception> <!-- java.lang.AssertionError -->
          <reporter-output>
          </reporter-output>
        </test-method> <!-- DemoScreenerTest -->
        <test-method status="PASS" signature="quit()[pri:0, instance:com.core.ddf.Indee.testcases.DemoScreener@145eaa29]" name="quit" is-config="true" duration-ms="461" started-at="2017-03-05T19:00:24Z" finished-at="2017-03-05T19:00:24Z">
          <reporter-output>
          </reporter-output>
        </test-method> <!-- quit -->
        <test-method status="FAIL" signature="DemoScreenerTest(java.util.Hashtable)[pri:0, instance:com.core.ddf.Indee.testcases.DemoScreener@145eaa29]" name="DemoScreenerTest" duration-ms="18888" started-at="2017-03-05T19:00:24Z" data-provider="getData" finished-at="2017-03-05T19:00:43Z">
          <params>
            <param index="0">
              <value>
                <![CDATA[{Feature=checked, maxViews=3, email=, Trailer=checked, perishesIn=6.0, Runmode=y, Browser=Mozilla, username=amit}]]>
              </value>
            </param>
          </params>
          <exception class="java.lang.AssertionError">
            <message>
              <![CDATA[PerishesIn does not exist]]>
            </message>
            <full-stacktrace>
              <![CDATA[java.lang.AssertionError: PerishesIn does not exist
	at org.testng.Assert.fail(Assert.java:94)
	at com.core.ddf.Indee.base.BaseTest.reportFailure(BaseTest.java:168)
	at com.core.ddf.Indee.base.BaseTest.demoScreener(BaseTest.java:248)
	at com.core.ddf.Indee.testcases.DemoScreener.DemoScreenerTest(DemoScreener.java:37)
	at sun.reflect.NativeMethodAccessorImpl.invoke0(Native Method)
	at sun.reflect.NativeMethodAccessorImpl.invoke(NativeMethodAccessorImpl.java:62)
	at sun.reflect.DelegatingMethodAccessorImpl.invoke(DelegatingMethodAccessorImpl.java:43)
	at java.lang.reflect.Method.invoke(Method.java:498)
	at org.testng.internal.MethodInvocationHelper.invokeMethod(MethodInvocationHelper.java:85)
	at org.testng.internal.Invoker.invokeMethod(Invoker.java:639)
	at org.testng.internal.Invoker.invokeTestMethod(Invoker.java:821)
	at org.testng.internal.Invoker.invokeTestMethods(Invoker.java:1131)
	at org.testng.internal.TestMethodWorker.invokeTestMethods(TestMethodWorker.java:124)
	at org.testng.internal.TestMethodWorker.run(TestMethodWorker.java:108)
	at org.testng.TestRunner.privateRun(TestRunner.java:773)
	at org.testng.TestRunner.run(TestRunner.java:623)
	at org.testng.SuiteRunner.runTest(SuiteRunner.java:357)
	at org.testng.SuiteRunner.runSequentially(SuiteRunner.java:352)
	at org.testng.SuiteRunner.privateRun(SuiteRunner.java:310)
	at org.testng.SuiteRunner.run(SuiteRunner.java:259)
	at org.testng.SuiteRunnerWorker.runSuite(SuiteRunnerWorker.java:52)
	at org.testng.SuiteRunnerWorker.run(SuiteRunnerWorker.java:86)
	at org.testng.TestNG.runSuitesSequentially(TestNG.java:1185)
	at org.testng.TestNG.runSuitesLocally(TestNG.java:1110)
	at org.testng.TestNG.run(TestNG.java:1018)
	at org.testng.remote.AbstractRemoteTestNG.run(AbstractRemoteTestNG.java:132)
	at org.testng.remote.RemoteTestNG.initAndRun(RemoteTestNG.java:236)
	at org.testng.remote.RemoteTestNG.main(RemoteTestNG.java:81)
]]>
            </full-stacktrace>
          </exception> <!-- java.lang.AssertionError -->
          <reporter-output>
          </reporter-output>
        </test-method> <!-- DemoScreenerTest -->
        <test-method status="PASS" signature="init()[pri:0, instance:com.core.ddf.Indee.testcases.DemoScreener@145eaa29]" name="init" is-config="true" duration-ms="0" started-at="2017-03-05T19:00:24Z" finished-at="2017-03-05T19:00:24Z">
          <reporter-output>
          </reporter-output>
        </test-method> <!-- init -->
        <test-method status="PASS" signature="quit()[pri:0, instance:com.core.ddf.Indee.testcases.DemoScreener@145eaa29]" name="quit" is-config="true" duration-ms="429" started-at="2017-03-05T19:00:43Z" finished-at="2017-03-05T19:00:43Z">
          <reporter-output>
          </reporter-output>
        </test-method> <!-- quit -->
        <test-method status="PASS" signature="init()[pri:0, instance:com.core.ddf.Indee.testcases.DemoScreener@145eaa29]" name="init" is-config="true" duration-ms="0" started-at="2017-03-05T19:00:43Z" finished-at="2017-03-05T19:00:43Z">
          <reporter-output>
          </reporter-output>
        </test-method> <!-- init -->
        <test-method status="PASS" signature="DemoScreenerTest(java.util.Hashtable)[pri:0, instance:com.core.ddf.Indee.testcases.DemoScreener@145eaa29]" name="DemoScreenerTest" duration-ms="10430" started-at="2017-03-05T19:00:43Z" data-provider="getData" finished-at="2017-03-05T19:00:54Z">
          <params>
            <param index="0">
              <value>
                <![CDATA[{Feature=checked, maxViews=1, email=ank@gmail.com, Trailer=, perishesIn=6 hrs, Runmode=y, Browser=Mozilla, username=amit}]]>
              </value>
            </param>
          </params>
          <reporter-output>
          </reporter-output>
        </test-method> <!-- DemoScreenerTest -->
        <test-method status="PASS" signature="quit()[pri:0, instance:com.core.ddf.Indee.testcases.DemoScreener@145eaa29]" name="quit" is-config="true" duration-ms="452" started-at="2017-03-05T19:00:54Z" finished-at="2017-03-05T19:00:54Z">
          <reporter-output>
          </reporter-output>
        </test-method> <!-- quit -->
        <test-method status="PASS" signature="DemoScreenerTest(java.util.Hashtable)[pri:0, instance:com.core.ddf.Indee.testcases.DemoScreener@145eaa29]" name="DemoScreenerTest" duration-ms="16640" started-at="2017-03-05T19:00:54Z" data-provider="getData" finished-at="2017-03-05T19:01:11Z">
          <params>
            <param index="0">
              <value>
                <![CDATA[{Feature=, maxViews=1, email=ank@gmail.com, Trailer=checked, perishesIn=6 hrs, Runmode=y, Browser=Mozilla, username=amit}]]>
              </value>
            </param>
          </params>
          <reporter-output>
          </reporter-output>
        </test-method> <!-- DemoScreenerTest -->
        <test-method status="PASS" signature="init()[pri:0, instance:com.core.ddf.Indee.testcases.DemoScreener@145eaa29]" name="init" is-config="true" duration-ms="0" started-at="2017-03-05T19:00:54Z" finished-at="2017-03-05T19:00:54Z">
          <reporter-output>
          </reporter-output>
        </test-method> <!-- init -->
        <test-method status="PASS" signature="quit()[pri:0, instance:com.core.ddf.Indee.testcases.DemoScreener@145eaa29]" name="quit" is-config="true" duration-ms="450" started-at="2017-03-05T19:01:11Z" finished-at="2017-03-05T19:01:11Z">
          <reporter-output>
          </reporter-output>
        </test-method> <!-- quit -->
        <test-method status="SKIP" signature="DemoScreenerTest(java.util.Hashtable)[pri:0, instance:com.core.ddf.Indee.testcases.DemoScreener@145eaa29]" name="DemoScreenerTest" duration-ms="1" started-at="2017-03-05T19:01:11Z" data-provider="getData" finished-at="2017-03-05T19:01:11Z">
          <params>
            <param index="0">
              <value>
                <![CDATA[{Feature=checked, maxViews=1, email=ank@gmail.com, Trailer=checked, perishesIn=6 hrs, Runmode=n, Browser=Mozilla, username=amit}]]>
              </value>
            </param>
          </params>
          <exception class="org.testng.SkipException">
            <message>
              <![CDATA[Skipping the test as runmode is N]]>
            </message>
            <full-stacktrace>
              <![CDATA[org.testng.SkipException: Skipping the test as runmode is N
	at com.core.ddf.Indee.testcases.DemoScreener.DemoScreenerTest(DemoScreener.java:31)
	at sun.reflect.NativeMethodAccessorImpl.invoke0(Native Method)
	at sun.reflect.NativeMethodAccessorImpl.invoke(NativeMethodAccessorImpl.java:62)
	at sun.reflect.DelegatingMethodAccessorImpl.invoke(DelegatingMethodAccessorImpl.java:43)
	at java.lang.reflect.Method.invoke(Method.java:498)
	at org.testng.internal.MethodInvocationHelper.invokeMethod(MethodInvocationHelper.java:85)
	at org.testng.internal.Invoker.invokeMethod(Invoker.java:639)
	at org.testng.internal.Invoker.invokeTestMethod(Invoker.java:821)
	at org.testng.internal.Invoker.invokeTestMethods(Invoker.java:1131)
	at org.testng.internal.TestMethodWorker.invokeTestMethods(TestMethodWorker.java:124)
	at org.testng.internal.TestMethodWorker.run(TestMethodWorker.java:108)
	at org.testng.TestRunner.privateRun(TestRunner.java:773)
	at org.testng.TestRunner.run(TestRunner.java:623)
	at org.testng.SuiteRunner.runTest(SuiteRunner.java:357)
	at org.testng.SuiteRunner.runSequentially(SuiteRunner.java:352)
	at org.testng.SuiteRunner.privateRun(SuiteRunner.java:310)
	at org.testng.SuiteRunner.run(SuiteRunner.java:259)
	at org.testng.SuiteRunnerWorker.runSuite(SuiteRunnerWorker.java:52)
	at org.testng.SuiteRunnerWorker.run(SuiteRunnerWorker.java:86)
	at org.testng.TestNG.runSuitesSequentially(TestNG.java:1185)
	at org.testng.TestNG.runSuitesLocally(TestNG.java:1110)
	at org.testng.TestNG.run(TestNG.java:1018)
	at org.testng.remote.AbstractRemoteTestNG.run(AbstractRemoteTestNG.java:132)
	at org.testng.remote.RemoteTestNG.initAndRun(RemoteTestNG.java:236)
	at org.testng.remote.RemoteTestNG.main(RemoteTestNG.java:81)
]]>
            </full-stacktrace>
          </exception> <!-- org.testng.SkipException -->
          <reporter-output>
          </reporter-output>
        </test-method> <!-- DemoScreenerTest -->
        <test-method status="PASS" signature="init()[pri:0, instance:com.core.ddf.Indee.testcases.DemoScreener@145eaa29]" name="init" is-config="true" duration-ms="0" started-at="2017-03-05T19:01:11Z" finished-at="2017-03-05T19:01:11Z">
          <reporter-output>
          </reporter-output>
        </test-method> <!-- init -->
        <test-method status="PASS" signature="quit()[pri:0, instance:com.core.ddf.Indee.testcases.DemoScreener@145eaa29]" name="quit" is-config="true" duration-ms="46" started-at="2017-03-05T19:01:11Z" finished-at="2017-03-05T19:01:11Z">
          <reporter-output>
          </reporter-output>
        </test-method> <!-- quit -->
      </class> <!-- com.core.ddf.Indee.testcases.DemoScreener -->
    </test> <!-- DemoScreenerTest -->
  </suite> <!-- SuiteName -->
</testng-results>
