<html>
<head>
<title>TestNG:  DemoScreenerTest</title>
<link href="../testng.css" rel="stylesheet" type="text/css" />
<link href="../my-testng.css" rel="stylesheet" type="text/css" />

<style type="text/css">
.log { display: none;} 
.stack-trace { display: none;} 
</style>
<script type="text/javascript">
<!--
function flip(e) {
  current = e.style.display;
  if (current == 'block') {
    e.style.display = 'none';
    return 0;
  }
  else {
    e.style.display = 'block';
    return 1;
  }
}

function toggleBox(szDivId, elem, msg1, msg2)
{
  var res = -1;  if (document.getElementById) {
    res = flip(document.getElementById(szDivId));
  }
  else if (document.all) {
    // this is the way old msie versions work
    res = flip(document.all[szDivId]);
  }
  if(elem) {
    if(res == 0) elem.innerHTML = msg1; else elem.innerHTML = msg2;
  }

}

function toggleAllBoxes() {
  if (document.getElementsByTagName) {
    d = document.getElementsByTagName('div');
    for (i = 0; i < d.length; i++) {
      if (d[i].className == 'log') {
        flip(d[i]);
      }
    }
  }
}

// -->
</script>

</head>
<body>
<h2 align='center'>DemoScreenerTest</h2><table border='1' align="center">
<tr>
<td>Tests passed/Failed/Skipped:</td><td>5/3/1</td>
</tr><tr>
<td>Started on:</td><td>Sun Mar 05 18:59:25 IST 2017</td>
</tr>
<tr><td>Total time:</td><td>105 seconds (105945 ms)</td>
</tr><tr>
<td>Included groups:</td><td></td>
</tr><tr>
<td>Excluded groups:</td><td></td>
</tr>
</table><p/>
<small><i>(Hover the method name to see the test class name)</i></small><p/>
<table width='100%' border='1' class='invocation-failed'>
<tr><td colspan='4' align='center'><b>FAILED TESTS</b></td></tr>
<tr><td><b>Test method</b></td>
<td width="30%"><b>Exception</b></td>
<td width="10%"><b>Time (seconds)</b></td>
<td><b>Instance</b></td>
</tr>
<tr>
<td title='com.core.ddf.Indee.testcases.DemoScreener.DemoScreenerTest()'><b>DemoScreenerTest</b><br>Test class: com.core.ddf.Indee.testcases.DemoScreener<br>Parameters: {Feature=checked, maxViews=2, email=ank@gmail.com, Trailer=checked, perishesIn=6 hrs, Runmode=y, Browser=Mozilla, username=amit}</td>
<td><div><pre>java.lang.AssertionError: views count does not exist
	at com.core.ddf.Indee.base.BaseTest.reportFailure(BaseTest.java:168)
	at com.core.ddf.Indee.base.BaseTest.demoScreener(BaseTest.java:233)
	at com.core.ddf.Indee.testcases.DemoScreener.DemoScreenerTest(DemoScreener.java:37)
... Removed 25 stack frames</pre></div><a href='#' onClick='toggleBox("stack-trace80756779", this, "Click to show all stack frames", "Click to hide stack frames")'>Click to show all stack frames</a>
<div class='stack-trace' id='stack-trace80756779'><pre>java.lang.AssertionError: views count does not exist
	at org.testng.Assert.fail(Assert.java:94)
	at com.core.ddf.Indee.base.BaseTest.reportFailure(BaseTest.java:168)
	at com.core.ddf.Indee.base.BaseTest.demoScreener(BaseTest.java:233)
	at com.core.ddf.Indee.testcases.DemoScreener.DemoScreenerTest(DemoScreener.java:37)
	at sun.reflect.NativeMethodAccessorImpl.invoke0(Native Method)
	at sun.reflect.NativeMethodAccessorImpl.invoke(NativeMethodAccessorImpl.java:62)
	at sun.reflect.DelegatingMethodAccessorImpl.invoke(DelegatingMethodAccessorImpl.java:43)
	at java.lang.reflect.Method.invoke(Method.java:498)
	at org.testng.internal.MethodInvocationHelper.invokeMethod(MethodInvocationHelper.java:85)
	at org.testng.internal.Invoker.invokeMethod(Invoker.java:639)
	at org.testng.internal.Invoker.invokeTestMethod(Invoker.java:821)
	at org.testng.internal.Invoker.invokeTestMethods(Invoker.java:1131)
	at org.testng.internal.TestMethodWorker.invokeTestMethods(TestMethodWorker.java:124)
	at org.testng.internal.TestMethodWorker.run(TestMethodWorker.java:108)
	at org.testng.TestRunner.privateRun(TestRunner.java:773)
	at org.testng.TestRunner.run(TestRunner.java:623)
	at org.testng.SuiteRunner.runTest(SuiteRunner.java:357)
	at org.testng.SuiteRunner.runSequentially(SuiteRunner.java:352)
	at org.testng.SuiteRunner.privateRun(SuiteRunner.java:310)
	at org.testng.SuiteRunner.run(SuiteRunner.java:259)
	at org.testng.SuiteRunnerWorker.runSuite(SuiteRunnerWorker.java:52)
	at org.testng.SuiteRunnerWorker.run(SuiteRunnerWorker.java:86)
	at org.testng.TestNG.runSuitesSequentially(TestNG.java:1185)
	at org.testng.TestNG.runSuitesLocally(TestNG.java:1110)
	at org.testng.TestNG.run(TestNG.java:1018)
	at org.testng.remote.AbstractRemoteTestNG.run(AbstractRemoteTestNG.java:132)
	at org.testng.remote.RemoteTestNG.initAndRun(RemoteTestNG.java:236)
	at org.testng.remote.RemoteTestNG.main(RemoteTestNG.java:81)
</pre></div></td>
<td>8</td>
<td>com.core.ddf.Indee.testcases.DemoScreener@145eaa29</td></tr>
<tr>
<td title='com.core.ddf.Indee.testcases.DemoScreener.DemoScreenerTest()'><b>DemoScreenerTest</b><br>Test class: com.core.ddf.Indee.testcases.DemoScreener<br>Parameters: {Feature=checked, maxViews=3, email=, Trailer=checked, perishesIn=6.0, Runmode=y, Browser=Mozilla, username=}</td>
<td><div><pre>java.lang.AssertionError: PerishesIn does not exist
	at com.core.ddf.Indee.base.BaseTest.reportFailure(BaseTest.java:168)
	at com.core.ddf.Indee.base.BaseTest.demoScreener(BaseTest.java:248)
	at com.core.ddf.Indee.testcases.DemoScreener.DemoScreenerTest(DemoScreener.java:37)
... Removed 25 stack frames</pre></div><a href='#' onClick='toggleBox("stack-trace842957574", this, "Click to show all stack frames", "Click to hide stack frames")'>Click to show all stack frames</a>
<div class='stack-trace' id='stack-trace842957574'><pre>java.lang.AssertionError: PerishesIn does not exist
	at org.testng.Assert.fail(Assert.java:94)
	at com.core.ddf.Indee.base.BaseTest.reportFailure(BaseTest.java:168)
	at com.core.ddf.Indee.base.BaseTest.demoScreener(BaseTest.java:248)
	at com.core.ddf.Indee.testcases.DemoScreener.DemoScreenerTest(DemoScreener.java:37)
	at sun.reflect.NativeMethodAccessorImpl.invoke0(Native Method)
	at sun.reflect.NativeMethodAccessorImpl.invoke(NativeMethodAccessorImpl.java:62)
	at sun.reflect.DelegatingMethodAccessorImpl.invoke(DelegatingMethodAccessorImpl.java:43)
	at java.lang.reflect.Method.invoke(Method.java:498)
	at org.testng.internal.MethodInvocationHelper.invokeMethod(MethodInvocationHelper.java:85)
	at org.testng.internal.Invoker.invokeMethod(Invoker.java:639)
	at org.testng.internal.Invoker.invokeTestMethod(Invoker.java:821)
	at org.testng.internal.Invoker.invokeTestMethods(Invoker.java:1131)
	at org.testng.internal.TestMethodWorker.invokeTestMethods(TestMethodWorker.java:124)
	at org.testng.internal.TestMethodWorker.run(TestMethodWorker.java:108)
	at org.testng.TestRunner.privateRun(TestRunner.java:773)
	at org.testng.TestRunner.run(TestRunner.java:623)
	at org.testng.SuiteRunner.runTest(SuiteRunner.java:357)
	at org.testng.SuiteRunner.runSequentially(SuiteRunner.java:352)
	at org.testng.SuiteRunner.privateRun(SuiteRunner.java:310)
	at org.testng.SuiteRunner.run(SuiteRunner.java:259)
	at org.testng.SuiteRunnerWorker.runSuite(SuiteRunnerWorker.java:52)
	at org.testng.SuiteRunnerWorker.run(SuiteRunnerWorker.java:86)
	at org.testng.TestNG.runSuitesSequentially(TestNG.java:1185)
	at org.testng.TestNG.runSuitesLocally(TestNG.java:1110)
	at org.testng.TestNG.run(TestNG.java:1018)
	at org.testng.remote.AbstractRemoteTestNG.run(AbstractRemoteTestNG.java:132)
	at org.testng.remote.RemoteTestNG.initAndRun(RemoteTestNG.java:236)
	at org.testng.remote.RemoteTestNG.main(RemoteTestNG.java:81)
</pre></div></td>
<td>11</td>
<td>com.core.ddf.Indee.testcases.DemoScreener@145eaa29</td></tr>
<tr>
<td title='com.core.ddf.Indee.testcases.DemoScreener.DemoScreenerTest()'><b>DemoScreenerTest</b><br>Test class: com.core.ddf.Indee.testcases.DemoScreener<br>Parameters: {Feature=checked, maxViews=3, email=, Trailer=checked, perishesIn=6.0, Runmode=y, Browser=Mozilla, username=amit}</td>
<td><div><pre>java.lang.AssertionError: PerishesIn does not exist
	at com.core.ddf.Indee.base.BaseTest.reportFailure(BaseTest.java:168)
	at com.core.ddf.Indee.base.BaseTest.demoScreener(BaseTest.java:248)
	at com.core.ddf.Indee.testcases.DemoScreener.DemoScreenerTest(DemoScreener.java:37)
... Removed 25 stack frames</pre></div><a href='#' onClick='toggleBox("stack-trace1060935276", this, "Click to show all stack frames", "Click to hide stack frames")'>Click to show all stack frames</a>
<div class='stack-trace' id='stack-trace1060935276'><pre>java.lang.AssertionError: PerishesIn does not exist
	at org.testng.Assert.fail(Assert.java:94)
	at com.core.ddf.Indee.base.BaseTest.reportFailure(BaseTest.java:168)
	at com.core.ddf.Indee.base.BaseTest.demoScreener(BaseTest.java:248)
	at com.core.ddf.Indee.testcases.DemoScreener.DemoScreenerTest(DemoScreener.java:37)
	at sun.reflect.NativeMethodAccessorImpl.invoke0(Native Method)
	at sun.reflect.NativeMethodAccessorImpl.invoke(NativeMethodAccessorImpl.java:62)
	at sun.reflect.DelegatingMethodAccessorImpl.invoke(DelegatingMethodAccessorImpl.java:43)
	at java.lang.reflect.Method.invoke(Method.java:498)
	at org.testng.internal.MethodInvocationHelper.invokeMethod(MethodInvocationHelper.java:85)
	at org.testng.internal.Invoker.invokeMethod(Invoker.java:639)
	at org.testng.internal.Invoker.invokeTestMethod(Invoker.java:821)
	at org.testng.internal.Invoker.invokeTestMethods(Invoker.java:1131)
	at org.testng.internal.TestMethodWorker.invokeTestMethods(TestMethodWorker.java:124)
	at org.testng.internal.TestMethodWorker.run(TestMethodWorker.java:108)
	at org.testng.TestRunner.privateRun(TestRunner.java:773)
	at org.testng.TestRunner.run(TestRunner.java:623)
	at org.testng.SuiteRunner.runTest(SuiteRunner.java:357)
	at org.testng.SuiteRunner.runSequentially(SuiteRunner.java:352)
	at org.testng.SuiteRunner.privateRun(SuiteRunner.java:310)
	at org.testng.SuiteRunner.run(SuiteRunner.java:259)
	at org.testng.SuiteRunnerWorker.runSuite(SuiteRunnerWorker.java:52)
	at org.testng.SuiteRunnerWorker.run(SuiteRunnerWorker.java:86)
	at org.testng.TestNG.runSuitesSequentially(TestNG.java:1185)
	at org.testng.TestNG.runSuitesLocally(TestNG.java:1110)
	at org.testng.TestNG.run(TestNG.java:1018)
	at org.testng.remote.AbstractRemoteTestNG.run(AbstractRemoteTestNG.java:132)
	at org.testng.remote.RemoteTestNG.initAndRun(RemoteTestNG.java:236)
	at org.testng.remote.RemoteTestNG.main(RemoteTestNG.java:81)
</pre></div></td>
<td>18</td>
<td>com.core.ddf.Indee.testcases.DemoScreener@145eaa29</td></tr>
</table><p>
<table width='100%' border='1' class='invocation-passed'>
<tr><td colspan='4' align='center'><b>PASSED TESTS</b></td></tr>
<tr><td><b>Test method</b></td>
<td width="30%"><b>Exception</b></td>
<td width="10%"><b>Time (seconds)</b></td>
<td><b>Instance</b></td>
</tr>
<tr>
<td title='com.core.ddf.Indee.testcases.DemoScreener.DemoScreenerTest()'><b>DemoScreenerTest</b><br>Test class: com.core.ddf.Indee.testcases.DemoScreener<br>Parameters: {Feature=, maxViews=1, email=ank@gmail.com, Trailer=, perishesIn=6 hrs, Runmode=y, Browser=Mozilla, username=ankur}</td>
<td></td>
<td>12</td>
<td>com.core.ddf.Indee.testcases.DemoScreener@145eaa29</td></tr>
<tr>
<td title='com.core.ddf.Indee.testcases.DemoScreener.DemoScreenerTest()'><b>DemoScreenerTest</b><br>Test class: com.core.ddf.Indee.testcases.DemoScreener<br>Parameters: {Feature=checked, maxViews=1, email=ank@gmail.com, Trailer=checked, perishesIn=6 hrs, Runmode=y, Browser=Mozilla, username=}</td>
<td></td>
<td>11</td>
<td>com.core.ddf.Indee.testcases.DemoScreener@145eaa29</td></tr>
<tr>
<td title='com.core.ddf.Indee.testcases.DemoScreener.DemoScreenerTest()'><b>DemoScreenerTest</b><br>Test class: com.core.ddf.Indee.testcases.DemoScreener<br>Parameters: {Feature=checked, maxViews=1, email=ank@gmail.com, Trailer=checked, perishesIn=6 hrs, Runmode=y, Browser=Mozilla, username=amit}</td>
<td></td>
<td>11</td>
<td>com.core.ddf.Indee.testcases.DemoScreener@145eaa29</td></tr>
<tr>
<td title='com.core.ddf.Indee.testcases.DemoScreener.DemoScreenerTest()'><b>DemoScreenerTest</b><br>Test class: com.core.ddf.Indee.testcases.DemoScreener<br>Parameters: {Feature=checked, maxViews=1, email=ank@gmail.com, Trailer=, perishesIn=6 hrs, Runmode=y, Browser=Mozilla, username=amit}</td>
<td></td>
<td>10</td>
<td>com.core.ddf.Indee.testcases.DemoScreener@145eaa29</td></tr>
<tr>
<td title='com.core.ddf.Indee.testcases.DemoScreener.DemoScreenerTest()'><b>DemoScreenerTest</b><br>Test class: com.core.ddf.Indee.testcases.DemoScreener<br>Parameters: {Feature=, maxViews=1, email=ank@gmail.com, Trailer=checked, perishesIn=6 hrs, Runmode=y, Browser=Mozilla, username=amit}</td>
<td></td>
<td>16</td>
<td>com.core.ddf.Indee.testcases.DemoScreener@145eaa29</td></tr>
</table><p>
<table width='100%' border='1' class='invocation-skipped'>
<tr><td colspan='4' align='center'><b>SKIPPED TESTS</b></td></tr>
<tr><td><b>Test method</b></td>
<td width="30%"><b>Exception</b></td>
<td width="10%"><b>Time (seconds)</b></td>
<td><b>Instance</b></td>
</tr>
<tr>
<td title='com.core.ddf.Indee.testcases.DemoScreener.DemoScreenerTest()'><b>DemoScreenerTest</b><br>Test class: com.core.ddf.Indee.testcases.DemoScreener<br>Parameters: {Feature=checked, maxViews=1, email=ank@gmail.com, Trailer=checked, perishesIn=6 hrs, Runmode=n, Browser=Mozilla, username=amit}</td>
<td><div><pre>org.testng.SkipException: Skipping the test as runmode is N
	at com.core.ddf.Indee.testcases.DemoScreener.DemoScreenerTest(DemoScreener.java:31)
... Removed 24 stack frames</pre></div><a href='#' onClick='toggleBox("stack-trace3886839", this, "Click to show all stack frames", "Click to hide stack frames")'>Click to show all stack frames</a>
<div class='stack-trace' id='stack-trace3886839'><pre>org.testng.SkipException: Skipping the test as runmode is N
	at com.core.ddf.Indee.testcases.DemoScreener.DemoScreenerTest(DemoScreener.java:31)
	at sun.reflect.NativeMethodAccessorImpl.invoke0(Native Method)
	at sun.reflect.NativeMethodAccessorImpl.invoke(NativeMethodAccessorImpl.java:62)
	at sun.reflect.DelegatingMethodAccessorImpl.invoke(DelegatingMethodAccessorImpl.java:43)
	at java.lang.reflect.Method.invoke(Method.java:498)
	at org.testng.internal.MethodInvocationHelper.invokeMethod(MethodInvocationHelper.java:85)
	at org.testng.internal.Invoker.invokeMethod(Invoker.java:639)
	at org.testng.internal.Invoker.invokeTestMethod(Invoker.java:821)
	at org.testng.internal.Invoker.invokeTestMethods(Invoker.java:1131)
	at org.testng.internal.TestMethodWorker.invokeTestMethods(TestMethodWorker.java:124)
	at org.testng.internal.TestMethodWorker.run(TestMethodWorker.java:108)
	at org.testng.TestRunner.privateRun(TestRunner.java:773)
	at org.testng.TestRunner.run(TestRunner.java:623)
	at org.testng.SuiteRunner.runTest(SuiteRunner.java:357)
	at org.testng.SuiteRunner.runSequentially(SuiteRunner.java:352)
	at org.testng.SuiteRunner.privateRun(SuiteRunner.java:310)
	at org.testng.SuiteRunner.run(SuiteRunner.java:259)
	at org.testng.SuiteRunnerWorker.runSuite(SuiteRunnerWorker.java:52)
	at org.testng.SuiteRunnerWorker.run(SuiteRunnerWorker.java:86)
	at org.testng.TestNG.runSuitesSequentially(TestNG.java:1185)
	at org.testng.TestNG.runSuitesLocally(TestNG.java:1110)
	at org.testng.TestNG.run(TestNG.java:1018)
	at org.testng.remote.AbstractRemoteTestNG.run(AbstractRemoteTestNG.java:132)
	at org.testng.remote.RemoteTestNG.initAndRun(RemoteTestNG.java:236)
	at org.testng.remote.RemoteTestNG.main(RemoteTestNG.java:81)
</pre></div></td>
<td>0</td>
<td>com.core.ddf.Indee.testcases.DemoScreener@145eaa29</td></tr>
</table><p>
</body>
</html>